.                  
(0tqq (BCMakeLists.txt
(0tqq (BREADME.md
(0tqq (Bbenchmarks                  -æ€§èƒ½æµ‹è¯•ä»£ç 
(0x   tqq (BCMakeLists.txt
(0x   tqq (BCPU     
(0x   tqq (BCommunication
(0x   x   tqq (BCMakeLists.txt
(0x   x   tqq (Bsrc_cpu
(0x   x   x   tqq (BCMakeLists.txt
(0x   x   x   mqq (BcommuBench.cpp
(0x   x   mqq (Bsrc_dpu
(0x   x       tqq (BCMakeLists.txt
(0x   x       mqq (BcommuDPU.c
(0x   tqq (BDPU  
(0x   mqq (BHybrid
(0tqq (BformatSrcInDir.sh
(0tqq (Binclude                      -å¤´æ–‡ä»¶è·¯å¾„
(0x   tqq (BExecutor                      --å¼‚æ­¥æ‰§è¡Œå™¨ï¼ˆå¼€å‘ä¸­ï¼‰
(0x   x   mqq (BExecutor.hpp
(0x   tqq (BMetaScheduler                 --ä¸»å‡½æ•°é€»è¾‘
(0x   x   mqq (BMetaScheduler.hpp
(0x   tqq (BOperators                     --ç®—å­åº“
(0x   x   tqq (BDatablock.hpp
(0x   x   tqq (BOperatorAllreduce.hpp
(0x   x   tqq (BOperatorBase.hpp
(0x   x   tqq (BOperatorElew.hpp
(0x   x   tqq (BOperatorEnd.hpp
(0x   x   tqq (BOperatorLookup.hpp
(0x   x   tqq (BOperatorReduce.hpp
(0x   x   mqq (Bdpu                         ---DPU Kernel
(0x   x       mqq (BReduce.h
(0x   x       mqq (BElew.h
(0x   x       mqq (BLookup.h
(0x   tqq (BOptimizer                     --é€šç”¨å…ƒå¯å‘ä¼˜åŒ–å™¨æ¨¡æ¿
(0x   x   tqq (BOptimizerAOA.hpp
(0x   x   tqq (BOptimizerBase.hpp
(0x   x   tqq (BOptimizerNaive.hpp
(0x   x   tqq (BOptimizerPSO.hpp
(0x   x   tqq (BOptimizerRSA.hpp
(0x   x   mqq (Bimplements                --æ¨¡æ¿å®ä¾‹åŒ–ä»£ç 
(0x   x       tqq (BOptimizerAOA.cpp
(0x   x       tqq (BOptimizerBase.cpp
(0x   x       tqq (BOptimizerNaive.cpp
(0x   x       tqq (BOptimizerPSO.cpp
(0x   x       mqq (BOptimizerRSA.cpp
(0x   tqq (BTask                          --è®¡ç®—ä»»åŠ¡æŠ½è±¡
(0x   x   mqq (BTask.hpp
(0x   mqq (Butils                         --å…¬ç”¨è¾…åŠ©åŠŸèƒ½
(0x       tqq (BCSVWriter.hpp
(0x       tqq (BChronoTrigger.hpp
(0x       tqq (BConsensus.h
(0x       tqq (BDPUInterface.hpp
(0x       tqq (BMetricsGather.hpp
(0x       tqq (BReportUtils.hpp
(0x       mqq (BStats.hpp
(0tqq (Bsrc                            -æºä»£ç è·¯å¾„
(0x   tqq (BCMakeLists.txt
(0x   tqq (BExecutor                        --å¼‚æ­¥æ‰§è¡Œå™¨ï¼ˆå¼€å‘ä¸­ï¼‰
(0x   x   tqq (BCMakeLists.txt
(0x   x   mqq (BExecutor.cpp
(0x   tqq (BMetaScheduler                   --ä¸»å‡½æ•°é€»è¾‘
(0x   x   tqq (BCMakeLists.txt
(0x   x   mqq (BMetaScheduler.cpp
(0x   tqq (BOperators                       --ç®—å­åº“
(0x   x   tqq (BCMakeLists.txt
(0x   x   tqq (BDatablock.cpp
(0x   x   tqq (BOperatorAllreduce.cpp
(0x   x   tqq (BOperatorBase.cpp
(0x   x   tqq (BOperatorElew.cpp
(0x   x   tqq (BOperatorEnd.cpp
(0x   x   tqq (BOperatorLookup.cpp
(0x   x   tqq (BOperatorReduce.cpp
(0x   x   mqq (Bdpu                           ---DPU Kernel
(0x   x       mqq (BReduce.c
(0x   x       mqq (BElew.c
(0x   x       mqq (BLookup.c
(0x   x   mqq (Bdpu
(0x   tqq (BTask                             --è®¡ç®—ä»»åŠ¡æŠ½è±¡
(0x   x   tqq (BCMakeLists.txt
(0x   x   mqq (BTask.cpp
(0x   mqq (Butils                            --å…¬ç”¨è¾…åŠ©åŠŸèƒ½
(0x       tqq (BCMakeLists.txt
(0x       tqq (BChronoTrigger.cpp
(0x       mqq (BMetricsGather.cpp
(0tqq (Bsubmodules                       -å¤–éƒ¨åº“
(0x   mqq (Bstdexec-pim                      --C++26 Stdexec
(0tqq (Btests                            -æµ‹è¯•ä»£ç è·¯å¾„
(0x   tqq (BCMakeLists.txt
(0x   tqq (BmetaSchedulerTest.cpp
(0x   tqq (BoperatorTest.cpp
(0x   tqq (BoptimizerTest.cpp
(0x   tqq (BschedulerTest.cpp
(0x   tqq (BtaskTest.cpp
(0x   mqq (ButilTest.cpp
(0mqq (Btree.log 

26 directories, 62 files
